2021-02-09 19:48:40 - HV000001: Hibernate Validator 6.1.7.Final
2021-02-09 19:48:40 - Starting Application using Java 15.0.2 on RDemerss-MBP with PID 5593 (/Users/rdemers/SDK/scm/github/org_rd_template_gradle/java-springboot-vaadin-app/bin/main started by rdemers in /Users/rdemers/SDK/scm/github/org_rd_template_gradle)
2021-02-09 19:48:40 - No active profile set, falling back to default profiles: default
2021-02-09 19:48:40 - Devtools property defaults active! Set 'spring.devtools.add-properties' to 'false' to disable
2021-02-09 19:48:40 - For additional web related logging consider setting the 'logging.level.web' property to 'DEBUG'
2021-02-09 19:48:41 - Bootstrapping Spring Data JPA repositories in DEFAULT mode.
2021-02-09 19:48:41 - Finished Spring Data repository scanning in 70 ms. Found 2 JPA repository interfaces.
2021-02-09 19:48:42 - Tomcat initialized with port(s): 8080 (http)
2021-02-09 19:48:42 - Initializing ProtocolHandler ["http-nio-8080"]
2021-02-09 19:48:42 - Starting service [Tomcat]
2021-02-09 19:48:42 - Starting Servlet engine: [Apache Tomcat/9.0.41]
2021-02-09 19:48:42 - Initializing Spring embedded WebApplicationContext
2021-02-09 19:48:42 - Root WebApplicationContext: initialization completed in 2179 ms
2021-02-09 19:48:42 - HikariPool-1 - Starting...
2021-02-09 19:48:43 - HikariPool-1 - Start completed.
2021-02-09 19:48:43 - H2 console available at '/h2-console'. Database available at 'jdbc:h2:mem:aa532ba9-237d-4372-9dab-ddfbe806348a'
2021-02-09 19:48:43 - Search for VaadinAppShell took 43 ms
2021-02-09 19:48:43 - Using org.rd.template.vaadin.Application class for configuring `index.html` response
2021-02-09 19:48:43 - Initializing ExecutorService 'applicationTaskExecutor'
2021-02-09 19:48:47 - Search for subclasses and classes with annotations took 3763 ms
2021-02-09 19:48:47 - Exception sending context initialized event to listener instance of class [com.vaadin.flow.spring.VaadinServletContextInitializer$DevModeServletContextListener]
java.lang.RuntimeException: Unable to initialize com.vaadin.flow.spring.VaadinServletContextInitializer$DevModeServletContextListener
	at com.vaadin.flow.spring.VaadinServletContextInitializer$FailFastServletContextListener.contextInitialized(VaadinServletContextInitializer.java:196)
	at org.apache.catalina.core.StandardContext.listenerStart(StandardContext.java:4714)
	at org.apache.catalina.core.StandardContext.startInternal(StandardContext.java:5177)
	at org.apache.catalina.util.LifecycleBase.start(LifecycleBase.java:183)
	at org.apache.catalina.core.ContainerBase$StartChild.call(ContainerBase.java:1384)
	at org.apache.catalina.core.ContainerBase$StartChild.call(ContainerBase.java:1374)
	at java.base/java.util.concurrent.FutureTask.run(FutureTask.java:264)
	at org.apache.tomcat.util.threads.InlineExecutorService.execute(InlineExecutorService.java:75)
	at java.base/java.util.concurrent.AbstractExecutorService.submit(AbstractExecutorService.java:140)
	at org.apache.catalina.core.ContainerBase.startInternal(ContainerBase.java:909)
	at org.apache.catalina.core.StandardHost.startInternal(StandardHost.java:843)
	at org.apache.catalina.util.LifecycleBase.start(LifecycleBase.java:183)
	at org.apache.catalina.core.ContainerBase$StartChild.call(ContainerBase.java:1384)
	at org.apache.catalina.core.ContainerBase$StartChild.call(ContainerBase.java:1374)
	at java.base/java.util.concurrent.FutureTask.run(FutureTask.java:264)
	at org.apache.tomcat.util.threads.InlineExecutorService.execute(InlineExecutorService.java:75)
	at java.base/java.util.concurrent.AbstractExecutorService.submit(AbstractExecutorService.java:140)
	at org.apache.catalina.core.ContainerBase.startInternal(ContainerBase.java:909)
	at org.apache.catalina.core.StandardEngine.startInternal(StandardEngine.java:262)
	at org.apache.catalina.util.LifecycleBase.start(LifecycleBase.java:183)
	at org.apache.catalina.core.StandardService.startInternal(StandardService.java:434)
	at org.apache.catalina.util.LifecycleBase.start(LifecycleBase.java:183)
	at org.apache.catalina.core.StandardServer.startInternal(StandardServer.java:930)
	at org.apache.catalina.util.LifecycleBase.start(LifecycleBase.java:183)
	at org.apache.catalina.startup.Tomcat.start(Tomcat.java:486)
	at org.springframework.boot.web.embedded.tomcat.TomcatWebServer.initialize(TomcatWebServer.java:123)
	at org.springframework.boot.web.embedded.tomcat.TomcatWebServer.<init>(TomcatWebServer.java:104)
	at org.springframework.boot.web.embedded.tomcat.TomcatServletWebServerFactory.getTomcatWebServer(TomcatServletWebServerFactory.java:451)
	at org.springframework.boot.web.embedded.tomcat.TomcatServletWebServerFactory.getWebServer(TomcatServletWebServerFactory.java:200)
	at org.springframework.boot.web.servlet.context.ServletWebServerApplicationContext.createWebServer(ServletWebServerApplicationContext.java:181)
	at org.springframework.boot.web.servlet.context.ServletWebServerApplicationContext.onRefresh(ServletWebServerApplicationContext.java:159)
	at org.springframework.context.support.AbstractApplicationContext.refresh(AbstractApplicationContext.java:582)
	at org.springframework.boot.web.servlet.context.ServletWebServerApplicationContext.refresh(ServletWebServerApplicationContext.java:144)
	at org.springframework.boot.SpringApplication.refresh(SpringApplication.java:767)
	at org.springframework.boot.SpringApplication.refresh(SpringApplication.java:759)
	at org.springframework.boot.SpringApplication.refreshContext(SpringApplication.java:426)
	at org.springframework.boot.SpringApplication.run(SpringApplication.java:326)
	at org.springframework.boot.SpringApplication.run(SpringApplication.java:1311)
	at org.springframework.boot.SpringApplication.run(SpringApplication.java:1300)
	at org.rd.template.vaadin.Application.main(Application.java:25)
	at java.base/jdk.internal.reflect.NativeMethodAccessorImpl.invoke0(Native Method)
	at java.base/jdk.internal.reflect.NativeMethodAccessorImpl.invoke(NativeMethodAccessorImpl.java:64)
	at java.base/jdk.internal.reflect.DelegatingMethodAccessorImpl.invoke(DelegatingMethodAccessorImpl.java:43)
	at java.base/java.lang.reflect.Method.invoke(Method.java:564)
	at org.springframework.boot.devtools.restart.RestartLauncher.run(RestartLauncher.java:49)
Caused by: java.lang.IllegalStateException: Failed to determine project directory for dev mode. Directory '/Users/rdemers/SDK/scm/github/org_rd_template_gradle' does not look like a Maven or Gradle project. Ensure that you have run the prepare-frontend Maven goal, which generates 'flow-build-info.json', prior to deploying your application
	at com.vaadin.flow.server.startup.DevModeInitializer.getBaseDirectoryFallback(DevModeInitializer.java:442)
	at com.vaadin.flow.server.startup.DevModeInitializer.initDevModeHandler(DevModeInitializer.java:275)
	at com.vaadin.flow.spring.VaadinServletContextInitializer$DevModeServletContextListener.failFastContextInitialized(VaadinServletContextInitializer.java:404)
	at com.vaadin.flow.spring.VaadinServletContextInitializer$FailFastServletContextListener.contextInitialized(VaadinServletContextInitializer.java:192)
	... 44 common frames omitted
2021-02-09 19:48:47 - One or more listeners failed to start. Full details will be found in the appropriate container log file
2021-02-09 19:48:47 - Context [] startup failed due to previous errors
2021-02-09 19:48:47 - The web application [ROOT] appears to have started a thread named [HikariPool-1 housekeeper] but has failed to stop it. This is very likely to create a memory leak. Stack trace of thread:
 java.base@15.0.2/jdk.internal.misc.Unsafe.park(Native Method)
 java.base@15.0.2/java.util.concurrent.locks.LockSupport.parkNanos(LockSupport.java:252)
 java.base@15.0.2/java.util.concurrent.locks.AbstractQueuedSynchronizer$ConditionObject.awaitNanos(AbstractQueuedSynchronizer.java:1661)
 java.base@15.0.2/java.util.concurrent.ScheduledThreadPoolExecutor$DelayedWorkQueue.take(ScheduledThreadPoolExecutor.java:1182)
 java.base@15.0.2/java.util.concurrent.ScheduledThreadPoolExecutor$DelayedWorkQueue.take(ScheduledThreadPoolExecutor.java:899)
 java.base@15.0.2/java.util.concurrent.ThreadPoolExecutor.getTask(ThreadPoolExecutor.java:1056)
 java.base@15.0.2/java.util.concurrent.ThreadPoolExecutor.runWorker(ThreadPoolExecutor.java:1116)
 java.base@15.0.2/java.util.concurrent.ThreadPoolExecutor$Worker.run(ThreadPoolExecutor.java:630)
 java.base@15.0.2/java.lang.Thread.run(Thread.java:832)
2021-02-09 19:48:47 - The web application [ROOT] appears to have started a thread named [HikariPool-1 connection adder] but has failed to stop it. This is very likely to create a memory leak. Stack trace of thread:
 java.base@15.0.2/jdk.internal.misc.Unsafe.park(Native Method)
 java.base@15.0.2/java.util.concurrent.locks.LockSupport.parkNanos(LockSupport.java:252)
 java.base@15.0.2/java.util.concurrent.locks.AbstractQueuedSynchronizer$ConditionObject.awaitNanos(AbstractQueuedSynchronizer.java:1661)
 java.base@15.0.2/java.util.concurrent.LinkedBlockingQueue.poll(LinkedBlockingQueue.java:460)
 java.base@15.0.2/java.util.concurrent.ThreadPoolExecutor.getTask(ThreadPoolExecutor.java:1055)
 java.base@15.0.2/java.util.concurrent.ThreadPoolExecutor.runWorker(ThreadPoolExecutor.java:1116)
 java.base@15.0.2/java.util.concurrent.ThreadPoolExecutor$Worker.run(ThreadPoolExecutor.java:630)
 java.base@15.0.2/java.lang.Thread.run(Thread.java:832)
2021-02-09 19:48:47 - Starting ProtocolHandler ["http-nio-8080"]
2021-02-09 19:48:47 - Pausing ProtocolHandler ["http-nio-8080"]
2021-02-09 19:48:47 - Stopping service [Tomcat]
2021-02-09 19:48:47 - Stopping ProtocolHandler ["http-nio-8080"]
2021-02-09 19:48:47 - Destroying ProtocolHandler ["http-nio-8080"]
2021-02-09 19:48:47 - Exception encountered during context initialization - cancelling refresh attempt: org.springframework.context.ApplicationContextException: Unable to start web server; nested exception is org.springframework.boot.web.server.WebServerException: Unable to start embedded Tomcat
2021-02-09 19:48:47 - Shutting down ExecutorService 'applicationTaskExecutor'
2021-02-09 19:48:47 - HikariPool-1 - Shutdown initiated...
2021-02-09 19:48:47 - HikariPool-1 - Shutdown completed.
2021-02-09 19:48:47 - 

Error starting ApplicationContext. To display the conditions report re-run your application with 'debug' enabled.
2021-02-09 19:48:47 - Application run failed
org.springframework.context.ApplicationContextException: Unable to start web server; nested exception is org.springframework.boot.web.server.WebServerException: Unable to start embedded Tomcat
	at org.springframework.boot.web.servlet.context.ServletWebServerApplicationContext.onRefresh(ServletWebServerApplicationContext.java:162)
	at org.springframework.context.support.AbstractApplicationContext.refresh(AbstractApplicationContext.java:582)
	at org.springframework.boot.web.servlet.context.ServletWebServerApplicationContext.refresh(ServletWebServerApplicationContext.java:144)
	at org.springframework.boot.SpringApplication.refresh(SpringApplication.java:767)
	at org.springframework.boot.SpringApplication.refresh(SpringApplication.java:759)
	at org.springframework.boot.SpringApplication.refreshContext(SpringApplication.java:426)
	at org.springframework.boot.SpringApplication.run(SpringApplication.java:326)
	at org.springframework.boot.SpringApplication.run(SpringApplication.java:1311)
	at org.springframework.boot.SpringApplication.run(SpringApplication.java:1300)
	at org.rd.template.vaadin.Application.main(Application.java:25)
	at java.base/jdk.internal.reflect.NativeMethodAccessorImpl.invoke0(Native Method)
	at java.base/jdk.internal.reflect.NativeMethodAccessorImpl.invoke(NativeMethodAccessorImpl.java:64)
	at java.base/jdk.internal.reflect.DelegatingMethodAccessorImpl.invoke(DelegatingMethodAccessorImpl.java:43)
	at java.base/java.lang.reflect.Method.invoke(Method.java:564)
	at org.springframework.boot.devtools.restart.RestartLauncher.run(RestartLauncher.java:49)
Caused by: org.springframework.boot.web.server.WebServerException: Unable to start embedded Tomcat
	at org.springframework.boot.web.embedded.tomcat.TomcatWebServer.initialize(TomcatWebServer.java:142)
	at org.springframework.boot.web.embedded.tomcat.TomcatWebServer.<init>(TomcatWebServer.java:104)
	at org.springframework.boot.web.embedded.tomcat.TomcatServletWebServerFactory.getTomcatWebServer(TomcatServletWebServerFactory.java:451)
	at org.springframework.boot.web.embedded.tomcat.TomcatServletWebServerFactory.getWebServer(TomcatServletWebServerFactory.java:200)
	at org.springframework.boot.web.servlet.context.ServletWebServerApplicationContext.createWebServer(ServletWebServerApplicationContext.java:181)
	at org.springframework.boot.web.servlet.context.ServletWebServerApplicationContext.onRefresh(ServletWebServerApplicationContext.java:159)
	... 14 common frames omitted
Caused by: java.lang.IllegalStateException: StandardEngine[Tomcat].StandardHost[localhost].TomcatEmbeddedContext[] failed to start
	at org.springframework.boot.web.embedded.tomcat.TomcatWebServer.rethrowDeferredStartupExceptions(TomcatWebServer.java:187)
	at org.springframework.boot.web.embedded.tomcat.TomcatWebServer.initialize(TomcatWebServer.java:126)
	... 19 common frames omitted
